[      60ms] [INFO] %cDownload the React DevTools for a better development experience: https://react.dev/link/react-devtools font-weight:bold @ http://localhost:5173/node_modules/.vite/deps/react-dom_client.js?v=c503af04:14336
[     195ms] [VERBOSE] [DOM] Password field is not contained in a form: (More info: https://goo.gl/9p2vKq) %o @ http://localhost:5173/admin:0
[   11101ms] [ERROR] In HTML, %s cannot be a descendant of <%s>.
This will cause a hydration error.%s <button> button 

  ...
    <AnimatePresence mode="wait">
      <PresenceChild isPresent={true} initial={undefined} custom={undefined} presenceAffectsLayout={true} mode="wait" ...>
        <PopChild pop={false} isPresent={true} anchorX="left" anchorY="top" root={undefined}>
          <PopChildMeasure isPresent={true} childRef={{current:null}} sizeRef={{...}} pop={false}>
            <AdminView projects={[...]} isLoading={false} systemContent={{tips:{...}, ...}} ...>
              <motion.div className="view admin...">
                <div className="view admin..." style={{}} ref={function}>
                  <div className="admin-content">
                    <header>
                    <div className="as-page">
                      <div>
                      <div>
                      <div>
                      <section>
                        <div>
                        <div className="as-grid">
>                         <button type="button" className="as-card" onClick={function onClick}>
                            <div>
                            <div>
                            <div>
                            <div>
                            <div>
                            <div className="as-card-ac...">
>                             <button
>                               type="button"
>                               className="as-btn danger sm"
>                               onClick={function onClick}
>                               disabled={false}
>                               aria-label="Xóa dự án [TEST] Auto Test Payment"
>                             >
                      ...
 @ http://localhost:5173/@vite/client:509
[   11101ms] [ERROR] <%s> cannot contain a nested %s.
See this log for the ancestor stack trace. button <button> @ http://localhost:5173/@vite/client:509
[   25841ms] [ERROR] Failed to load resource: the server responded with a status of 500 (Internal Server Error) @ http://localhost:5173/src/App.tsx?t=1777199703254:0
[   25841ms] [ERROR] [vite] Failed to reload /src/App.tsx. This could be due to syntax errors or importing non-existent modules. (see errors above) @ http://localhost:5173/@vite/client:509
